<?xml version="1.0" encoding="UTF-8"?>
<persistence version="2.1"
             xmlns="http://xmlns.jcp.org/xml/ns/persistence"
             xmlns:xsi="http://www.w3.org/2001/XMLSchema-instance"
             xsi:schemaLocation="http://xmlns.jcp.org/xml/ns/persistence
             http://xmlns.jcp.org/xml/ns/persistence/persistence_2_1.xsd">
    <persistence-unit name="PhoneBookService" transaction-type="JTA">
        <jta-data-source>java:jboss/datasources/ExampleDS</jta-data-source>
        <class>pt.ubichallenge.phonebook.model.Contact</class>
        <class>pt.ubichallenge.phonebook.model.Address</class>
        <class>pt.ubichallenge.phonebook.model.Phone</class>
        <properties>
            <property name="hibernate.hbm2ddl.auto" value="create-drop" />
        </properties>
    </persistence-unit>
</persistence>